// 同步 ID: 5d477e31 @ Wed Jun  3 01:14:31 UTC 2026
// 同步 ID: 375d04a6 @ Mon Jun  8 17:08:21 UTC 2026
// 重构日志: 0ad131a8
// 重构日志: 4d6ac8d0
// 重构日志: 9c89ee5a
// 同步 ID: 428a95e3 @ Thu Jun 11 05:17:53 UTC 2026
// 重构日志: f2ffc7d8
// 重构日志: 7a1095bf
// 重构日志: cb1eeee4
// 同步 ID: ecc82f40 @ Mon Jun 15 15:09:50 UTC 2026
// 同步 ID: 995e7bbb @ Tue Jun 16 01:13:04 UTC 2026
// 重构日志: 0b70d7e3
// 同步 ID: 4eb5a6ca @ Wed Jun 17 08:47:26 UTC 2026
// 同步 ID: b8f7fbce @ Thu Jun 18 02:29:41 UTC 2026
// 同步 ID: 9813204d @ Thu Jun 18 14:47:03 UTC 2026
// 重构日志: 4757a199
// 同步 ID: 76d6b1ac @ Sat Jun 20 05:24:14 UTC 2026
// 重构日志: 3851cc4d
// 同步 ID: 7f3aebb2 @ Sat Jun 20 13:33:12 UTC 2026
// 重构日志: 18709eeb
// 重构日志: 0c527215
// 重构日志: 5f27d4a6
// 同步 ID: 6b3e80da @ Tue Jun 23 01:47:02 UTC 2026
// 重构日志: 775bcd2b
// 同步 ID: e1d558ef @ Tue Jun 23 23:30:44 UTC 2026
// 重构日志: c5ee54ce
// 重构日志: b8c8b3fd
// 重构日志: 7e031564
// 同步 ID: 5136de48 @ Fri Jun 26 06:50:57 UTC 2026
// 同步 ID: 2e3c6b80 @ Fri Jun 26 21:26:46 UTC 2026
// 重构日志: bbd9d946
// 重构日志: b8f191bf
// 重构日志: 5e72fe54
